build/app/intermediates/manifest_merge_blame_file/debug/manifest-merger-blame-debug-report.txt
1<?xml version="1.0" encoding="utf-8"?>
2<manifest xmlns:android="http://schemas.android.com/apk/res/android"
3    package="com.example.flutter_chat_ui"
4    android:versionCode="1"
5    android:versionName="2.12.0" >
6
7    <uses-sdk
8        android:minSdkVersion="19"
9        android:targetSdkVersion="28" />
10    <!--
11         Flutter needs it to communicate with the running application
12         to allow setting breakpoints, to provide hot reload, etc.
13    -->
14    <uses-permission android:name="android.permission.INTERNET" />
14-->src\debug\AndroidManifest.xml:6:5-66
14-->src\debug\AndroidManifest.xml:6:22-64
15    <!-- Although the *SdkVersion is captured in gradle build files, this is required for non gradle builds -->
16    <!-- <uses-sdk android:minSdkVersion="14" /> -->
17    <uses-permission android:name="android.permission.ACCESS_NETWORK_STATE" />
17-->[com.google.firebase:firebase-firestore:24.0.1] AndroidManifest.xml:13:5-79
17-->[com.google.firebase:firebase-firestore:24.0.1] AndroidManifest.xml:13:22-76
18    <!--
19 io.flutter.app.FlutterApplication is an android.app.Application that
20         calls FlutterMain.startInitialization(this); in its onCreate method.
21         In most cases you can leave this as-is, but you if you want to provide
22         additional functionality it is fine to subclass or reimplement
23         FlutterApplication and put your custom class here.
24    -->
25    <application
25-->src\main\AndroidManifest.xml:8:5-35:19
26        android:name="androidx.multidex.MultiDexApplication"
27        android:appComponentFactory="androidx.core.app.CoreComponentFactory"
27-->[androidx.core:core:1.1.0] AndroidManifest.xml:24:18-86
28        android:debuggable="true"
29        android:icon="@mipmap/ic_launcher"
29-->src\main\AndroidManifest.xml:10:9-43
30        android:label="flutter_chat_ui" >
30-->src\main\AndroidManifest.xml:9:9-40
31        <activity
31-->src\main\AndroidManifest.xml:11:9-34:20
32            android:name="com.example.flutter_chat_ui.MainActivity"
32-->src\main\AndroidManifest.xml:12:13-41
33            android:configChanges="orientation|keyboardHidden|keyboard|screenSize|locale|layoutDirection|fontScale|screenLayout|density|uiMode"
33-->src\main\AndroidManifest.xml:15:13-144
34            android:hardwareAccelerated="true"
34-->src\main\AndroidManifest.xml:16:13-47
35            android:launchMode="singleTop"
35-->src\main\AndroidManifest.xml:13:13-43
36            android:theme="@style/LaunchTheme"
36-->src\main\AndroidManifest.xml:14:13-47
37            android:windowSoftInputMode="adjustResize" >
37-->src\main\AndroidManifest.xml:17:13-55
38
39            <!--
40                 This keeps the window background of the activity showing
41                 until Flutter renders its first frame. It can be removed if
42                 there is no splash screen (such as the default splash screen
43                 defined in @style/LaunchTheme).
44            -->
45            <!-- Specify that the launch screen should continue being displayed -->
46            <!-- until Flutter renders its first frame. -->
47            <meta-data
47-->src\main\AndroidManifest.xml:24:13-26:66
48                android:name="io.flutter.embedding.android.SplashScreenDrawable"
48-->src\main\AndroidManifest.xml:25:17-81
49                android:resource="@drawable/launch_background" />
49-->src\main\AndroidManifest.xml:26:17-63
50            <meta-data
50-->src\main\AndroidManifest.xml:27:13-29:37
51                android:name="flutterEmbedding"
51-->src\main\AndroidManifest.xml:28:17-48
52                android:value="2" />
52-->src\main\AndroidManifest.xml:29:17-34
53
54            <intent-filter>
54-->src\main\AndroidManifest.xml:30:13-33:29
55                <action android:name="android.intent.action.MAIN" />
55-->src\main\AndroidManifest.xml:31:17-68
55-->src\main\AndroidManifest.xml:31:25-66
56
57                <category android:name="android.intent.category.LAUNCHER" />
57-->src\main\AndroidManifest.xml:32:17-76
57-->src\main\AndroidManifest.xml:32:27-74
58            </intent-filter>
59        </activity>
60
61        <service
61-->[:cloud_firestore] AndroidManifest.xml:8:9-12:19
62            android:name="com.google.firebase.components.ComponentDiscoveryService"
62-->[:cloud_firestore] AndroidManifest.xml:8:18-89
63            android:directBootAware="true"
63-->[com.google.firebase:firebase-common:20.0.0] AndroidManifest.xml:35:13-43
64            android:exported="false" >
64-->[com.google.firebase:firebase-firestore:24.0.1] AndroidManifest.xml:19:13-37
65            <meta-data
65-->[:cloud_firestore] AndroidManifest.xml:9:13-11:85
66                android:name="com.google.firebase.components:io.flutter.plugins.firebase.firestore.FlutterFirebaseFirestoreRegistrar"
66-->[:cloud_firestore] AndroidManifest.xml:10:17-134
67                android:value="com.google.firebase.components.ComponentRegistrar" />
67-->[:cloud_firestore] AndroidManifest.xml:11:17-82
68            <meta-data
68-->[:firebase_core] AndroidManifest.xml:9:13-11:85
69                android:name="com.google.firebase.components:io.flutter.plugins.firebase.core.FlutterFirebaseCoreRegistrar"
69-->[:firebase_core] AndroidManifest.xml:10:17-124
70                android:value="com.google.firebase.components.ComponentRegistrar" />
70-->[:firebase_core] AndroidManifest.xml:11:17-82
71            <meta-data
71-->[com.google.firebase:firebase-firestore:24.0.1] AndroidManifest.xml:20:13-22:85
72                android:name="com.google.firebase.components:com.google.firebase.firestore.FirestoreRegistrar"
72-->[com.google.firebase:firebase-firestore:24.0.1] AndroidManifest.xml:21:17-111
73                android:value="com.google.firebase.components.ComponentRegistrar" />
73-->[com.google.firebase:firebase-firestore:24.0.1] AndroidManifest.xml:22:17-82
74        </service>
75
76        <provider
76-->[com.google.firebase:firebase-common:20.0.0] AndroidManifest.xml:26:9-31:39
77            android:name="com.google.firebase.provider.FirebaseInitProvider"
77-->[com.google.firebase:firebase-common:20.0.0] AndroidManifest.xml:27:13-77
78            android:authorities="com.example.flutter_chat_ui.firebaseinitprovider"
78-->[com.google.firebase:firebase-common:20.0.0] AndroidManifest.xml:28:13-72
79            android:directBootAware="true"
79-->[com.google.firebase:firebase-common:20.0.0] AndroidManifest.xml:29:13-43
80            android:exported="false"
80-->[com.google.firebase:firebase-common:20.0.0] AndroidManifest.xml:30:13-37
81            android:initOrder="100" />
81-->[com.google.firebase:firebase-common:20.0.0] AndroidManifest.xml:31:13-36
82
83        <activity
83-->[com.google.android.gms:play-services-base:17.1.0] AndroidManifest.xml:23:9-26:75
84            android:name="com.google.android.gms.common.api.GoogleApiActivity"
84-->[com.google.android.gms:play-services-base:17.1.0] AndroidManifest.xml:24:13-79
85            android:exported="false"
85-->[com.google.android.gms:play-services-base:17.1.0] AndroidManifest.xml:25:13-37
86            android:theme="@android:style/Theme.Translucent.NoTitleBar" />
86-->[com.google.android.gms:play-services-base:17.1.0] AndroidManifest.xml:26:13-72
87
88        <meta-data
88-->[com.google.android.gms:play-services-basement:17.0.0] AndroidManifest.xml:23:9-25:69
89            android:name="com.google.android.gms.version"
89-->[com.google.android.gms:play-services-basement:17.0.0] AndroidManifest.xml:24:13-58
90            android:value="@integer/google_play_services_version" />
90-->[com.google.android.gms:play-services-basement:17.0.0] AndroidManifest.xml:25:13-66
91    </application>
92
93</manifest>